<?xml version="1.0" encoding="UTF-8"?>
<!-- Generated by org.testng.reporters.JUnitReportReporter -->
<testsuite hostname="DESKTOP-TH63HAS" failures="0" tests="4" name="Testcases.Login_Test" time="13.431" errors="0" timestamp="2022-03-20T13:32:05 IST" skipped="0">
  <testcase classname="Testcases.Login_Test" name="LoginSuccessTest" time="3.181"/>
  <system-out/>
  <testcase classname="Testcases.Login_Test" name="ParameterizedTest" time="3.916"/>
  <system-out/>
  <testcase classname="Testcases.Login_Test" name="ExternalDataTest" time="3.236"/>
  <system-out/>
  <testcase classname="Testcases.Login_Test" name="LoginFailiureTest" time="3.098"/>
  <system-out/>
</testsuite> <!-- Testcases.Login_Test -->
