<?xml version="1.0" encoding="UTF-8"?>
<!-- Generated by org.testng.reporters.JUnitReportReporter -->
<testsuite hostname="DESKTOP-TH63HAS" failures="0" tests="4" name="Testcases.Login_Test" time="16.010" errors="0" timestamp="2022-03-20T13:59:03 IST" skipped="0">
  <testcase classname="Testcases.Login_Test" name="ExternalDataTest" time="5.630"/>
  <system-out/>
  <testcase classname="Testcases.Login_Test" name="ParameterizedTest" time="3.272"/>
  <system-out/>
  <testcase classname="Testcases.Login_Test" name="LoginSuccessTest" time="3.602"/>
  <system-out/>
  <testcase classname="Testcases.Login_Test" name="LoginFailiureTest" time="3.506"/>
  <system-out/>
</testsuite> <!-- Testcases.Login_Test -->
